0
0
x
2.3000000000000007
2.3000000000000007
2.600000000000001
2.600000000000001
e
7.599999999999989
7.599999999999989
7.699999999999989
7.699999999999989
open door
10.899999999999977
10.899999999999977
10.999999999999977
10.999999999999977
e
11.899999999999974
11.899999999999974
11.999999999999973
11.999999999999973
n
13.699999999999967
13.699999999999967
13.799999999999967
13.799999999999967
use telescope on system
18.799999999999997
18.799999999999997
18.799999999999997
18.799999999999997
leave system
34.60000000000022
34.60000000000022
34.70000000000022
34.70000000000022
x
40.1000000000003
40.1000000000003
40.2000000000003
40.2000000000003
x system
50.400000000000446
50.400000000000446
50.50000000000045
50.50000000000045
use telescope on system
57.80000000000055
57.80000000000055
57.80000000000055
57.80000000000055
x Uruvkhi
78.39999999999982
78.39999999999982
78.49999999999982
78.49999999999982
x Isra
83.49999999999953
83.49999999999953
83.69999999999952
83.69999999999952
x Irsa
91.89999999999905
91.89999999999905
91.89999999999905
91.89999999999905
leave system
117.29999999999761
117.29999999999761
117.3999999999976
117.3999999999976
x
152.59999999999562
152.59999999999562
152.6999999999956
152.6999999999956
enter system
156.4999999999954
156.4999999999954
156.5999999999954
156.5999999999954
use telescope on system
165.89999999999486
165.89999999999486
165.99999999999486
165.99999999999486
leave system
182.9999999999939
182.9999999999939
183.09999999999388
183.09999999999388
x
186.3999999999937
186.3999999999937
186.3999999999937
186.3999999999937
use telescope on system
194.69999999999322
194.69999999999322
194.79999999999322
194.79999999999322
leave system
216.69999999999197
216.69999999999197
216.79999999999197
216.79999999999197
use telescope on system
219.39999999999182
219.39999999999182
219.6999999999918
219.6999999999918
use telescope on system
221.99999999999167
221.99999999999167
222.09999999999167
222.09999999999167
leave system
233.29999999999103
233.29999999999103
233.599999999991
233.599999999991
leave system
236.59999999999084
236.59999999999084
236.69999999999084
236.69999999999084
use telescope on system
240.39999999999063
240.39999999999063
240.49999999999062
240.49999999999062
x
250.99999999999002
250.99999999999002
251.09999999999002
251.09999999999002
leave system
256.8999999999899
256.8999999999899
256.8999999999899
256.8999999999899
x
258.4999999999903
258.4999999999903
258.5999999999903
258.5999999999903
use telescope on system
269.0999999999927
269.0999999999927
269.1999999999927
269.1999999999927
x Ysqorozyl
301.90000000000015
301.90000000000015
302.00000000000017
302.00000000000017
leave system
308.60000000000167
308.60000000000167
308.60000000000167
308.60000000000167
x
309.6000000000019
309.6000000000019
309.6000000000019
309.6000000000019
use telescope on system
312.3000000000025
312.3000000000025
312.3000000000025
312.3000000000025
312.3000000000025
312.3000000000025
leave system
321.20000000000454
321.20000000000454
321.30000000000456
321.30000000000456
x
537.2000000000536
537.2000000000536
537.3000000000536
537.3000000000536
use telescope on system
553.8000000000574
553.8000000000574
553.9000000000574
553.9000000000574
x Kyam
563.5000000000596
563.5000000000596
563.6000000000596
563.6000000000596
x Ozhekhyx
578.500000000063
578.500000000063
578.500000000063
578.500000000063
leave system
606.5000000000693
606.5000000000693
606.6000000000694
606.6000000000694
x
608.8000000000699
608.8000000000699
608.8000000000699
608.8000000000699
use telescope on system
610.7000000000703
610.7000000000703
610.8000000000703
610.8000000000703
x Ghaxym
622.3000000000729
622.3000000000729
622.3000000000729
622.3000000000729
x Qiotdanri
632.2000000000752
632.2000000000752
632.2000000000752
632.2000000000752
x Khoxkoxxoxip
652.2000000000797
652.2000000000797
652.2000000000797
652.2000000000797
x Dilodyur
664.6000000000826
664.6000000000826
664.6000000000826
664.6000000000826
x Hair
669.1000000000836
669.1000000000836
669.2000000000836
669.2000000000836
leave system
675.300000000085
675.300000000085
675.500000000085
675.500000000085
x
677.5000000000855
677.5000000000855
677.6000000000855
677.6000000000855
use telescope on system
679.1000000000859
679.1000000000859
679.1000000000859
679.1000000000859
leave system
684.8000000000872
684.8000000000872
684.8000000000872
684.8000000000872
x
686.5000000000875
686.5000000000875
686.6000000000876
686.6000000000876
use telescope on system
688.1000000000879
688.1000000000879
688.2000000000879
688.2000000000879
x Ivwe
701.0000000000908
701.0000000000908
701.1000000000909
701.1000000000909
x Uxazur
707.8000000000924
707.8000000000924
707.9000000000924
707.9000000000924
x Odidghesqqa
718.3000000000948
718.3000000000948
718.3000000000948
718.3000000000948
leave system
726.6000000000967
726.6000000000967
726.7000000000967
726.7000000000967
x
727.4000000000968
727.4000000000968
727.4000000000968
727.4000000000968
x
733.2000000000982
733.2000000000982
733.2000000000982
733.2000000000982
use telescope on system
736.0000000000988
736.0000000000988
736.1000000000988
736.1000000000988
leave system
740.3000000000998
740.3000000000998
740.4000000000998
740.4000000000998
x
742.2000000001002
742.2000000001002
742.2000000001002
742.2000000001002
use telescope on system
744.3000000001007
744.3000000001007
744.4000000001007
744.4000000001007
leave system
748.4000000001016
748.4000000001016
748.5000000001016
748.5000000001016
x
750.5000000001021
750.5000000001021
750.6000000001021
750.6000000001021
use telescope on system
751.7000000001024
751.7000000001024
751.7000000001024
751.7000000001024
leave system
760.5000000001044
760.5000000001044
760.6000000001044
760.6000000001044
x
762.9000000001049
762.9000000001049
763.0000000001049
763.0000000001049
use telescope on system
764.3000000001052
764.3000000001052
764.4000000001053
764.4000000001053
x Ymgeizme
781.2000000001091
781.2000000001091
781.4000000001091
781.4000000001091
x inlo
784.7000000001099
784.7000000001099
784.8000000001099
784.8000000001099
leave system
790.6000000001112
790.6000000001112
790.6000000001112
790.6000000001112
x
792.0000000001115
792.0000000001115
792.1000000001115
792.1000000001115
use telescope on system
793.3000000001118
793.3000000001118
793.4000000001118
793.4000000001118
